<domain type="lxc">
    <name>ut-container-admin-test</name>
    <uuid>f6924d8d-faa4-4cd3-8b47-383f45a4c0c8</uuid>
    <memory>102400</memory>
    <os>
        <type>exe</type>
        <init>/bin/sh</init>
    </os>
    <devices>
        <console type="pty"/>
    </devices>
</domain>
